==5955== Memcheck, a memory error detector
==5955== Copyright (C) 2002-2012, and GNU GPL'd, by Julian Seward et al.
==5955== Using Valgrind-3.8.1 and LibVEX; rerun with -h for copyright info
==5955== Command: ./pa01
==5955== Parent PID: 5247
==5955== 
--5955-- 
--5955-- Valgrind options:
--5955--    --tool=memcheck
--5955--    --leak-check=full
--5955--    --verbose
--5955--    --log-file=memcheck.log
--5955-- Contents of /proc/version:
--5955--   Linux version 2.6.32-431.23.3.el6.x86_64 (mockbuild@x86-027.build.eng.bos.redhat.com) (gcc version 4.4.7 20120313 (Red Hat 4.4.7-4) (GCC) ) #1 SMP Wed Jul 16 06:12:23 EDT 2014
--5955-- Arch and hwcaps: AMD64, amd64-sse3-cx16
--5955-- Page sizes: currently 4096, max supported 4096
--5955-- Valgrind library directory: /usr/lib64/valgrind
--5955-- Reading syms from /home/shay/a/bfrazie/ECE264/Solutions/PA01/pa01
--5955-- Reading syms from /usr/lib64/valgrind/memcheck-amd64-linux
--5955--    object doesn't have a dynamic symbol table
--5955-- Reading syms from /lib64/ld-2.12.so
--5955-- Scheduler: using generic scheduler lock implementation.
--5955-- Reading suppressions file: /usr/lib64/valgrind/default.supp
==5955== embedded gdbserver: reading from /tmp/vgdb-pipe-from-vgdb-to-5955-by-bfrazie-on-ecegrid-thin1.ecn.purdue.edu
==5955== embedded gdbserver: writing to   /tmp/vgdb-pipe-to-vgdb-from-5955-by-bfrazie-on-ecegrid-thin1.ecn.purdue.edu
==5955== embedded gdbserver: shared mem   /tmp/vgdb-pipe-shared-mem-vgdb-5955-by-bfrazie-on-ecegrid-thin1.ecn.purdue.edu
==5955== 
==5955== TO CONTROL THIS PROCESS USING vgdb (which you probably
==5955== don't want to do, unless you know exactly what you're doing,
==5955== or are doing some strange experiment):
==5955==   /usr/lib64/valgrind/../../bin/vgdb --pid=5955 ...command...
==5955== 
==5955== TO DEBUG THIS PROCESS USING GDB: start GDB like this
==5955==   /path/to/gdb ./pa01
==5955== and then give GDB the following command
==5955==   target remote | /usr/lib64/valgrind/../../bin/vgdb --pid=5955
==5955== --pid is optional if only one valgrind process is running
==5955== 
--5955-- REDIR: 0x3f79a17530 (strlen) redirected to 0x38049551 (vgPlain_amd64_linux_REDIR_FOR_strlen)
--5955-- Reading syms from /usr/lib64/valgrind/vgpreload_core-amd64-linux.so
--5955-- Reading syms from /usr/lib64/valgrind/vgpreload_memcheck-amd64-linux.so
--5955-- REDIR: 0x3f79a173a0 (index) redirected to 0x4a07bf0 (index)
--5955-- REDIR: 0x3f79a17420 (strcmp) redirected to 0x4a08530 (strcmp)
--5955-- Reading syms from /lib64/libc-2.12.so
--5955-- REDIR: 0x3f79e84cd0 (strcasecmp) redirected to 0x480155c (_vgnU_ifunc_wrapper)
--5955-- REDIR: 0x3f79e86f90 (strncasecmp) redirected to 0x480155c (_vgnU_ifunc_wrapper)
--5955-- REDIR: 0x3f79e82c40 (__GI_strrchr) redirected to 0x4a07a70 (__GI_strrchr)
--5955-- REDIR: 0x3f79e81160 (__GI_strlen) redirected to 0x4a07f70 (__GI_strlen)
--5955-- REDIR: 0x3f79e84500 (mempcpy) redirected to 0x4a09f80 (mempcpy)
--5955-- REDIR: 0x3f79e8aaf0 (strchrnul) redirected to 0x4a09f10 (strchrnul)
--5955-- REDIR: 0x3f79e7b520 (free) redirected to 0x4a06369 (free)
==5955== 
==5955== HEAP SUMMARY:
==5955==     in use at exit: 0 bytes in 0 blocks
==5955==   total heap usage: 0 allocs, 0 frees, 0 bytes allocated
==5955== 
==5955== All heap blocks were freed -- no leaks are possible
==5955== 
==5955== ERROR SUMMARY: 0 errors from 0 contexts (suppressed: 6 from 6)
--5955-- 
--5955-- used_suppression:      4 U1004-ARM-_dl_relocate_object
--5955-- used_suppression:      2 glibc-2.5.x-on-SUSE-10.2-(PPC)-2a
==5955== 
==5955== ERROR SUMMARY: 0 errors from 0 contexts (suppressed: 6 from 6)
